c:\users\elinflowersea\desktop\openglprojects\lumina\lumina\x64\debug\vc143.pdb
c:\users\elinflowersea\desktop\openglprojects\lumina\lumina\x64\debug\vc143.idb
c:\users\elinflowersea\desktop\openglprojects\lumina\lumina\x64\debug\glad.obj
c:\users\elinflowersea\desktop\openglprojects\lumina\lumina\x64\debug\rnader1.2.obj
c:\users\elinflowersea\desktop\openglprojects\lumina\lumina\x64\debug\rander1.obj
c:\users\elinflowersea\desktop\openglprojects\lumina\lumina\x64\debug\rander2.obj
c:\users\elinflowersea\desktop\openglprojects\lumina\lumina\x64\debug\rander2.1.obj
c:\users\elinflowersea\desktop\openglprojects\lumina\x64\debug\lumina_01.exe
c:\users\elinflowersea\desktop\openglprojects\lumina\lumina\x64\debug\lumina_01.ilk
c:\users\elinflowersea\desktop\openglprojects\lumina\x64\debug\lumina_01.pdb
c:\users\elinflowersea\desktop\openglprojects\lumina\lumina\x64\debug\lumina.res
c:\users\elinflowersea\desktop\openglprojects\lumina\lumina\x64\debug\randerer1.obj
c:\users\elinflowersea\desktop\openglprojects\lumina\lumina\x64\debug\randerer2.obj
c:\users\elinflowersea\desktop\openglprojects\lumina\lumina\x64\debug\lumina_01.tlog\cl.command.1.tlog
c:\users\elinflowersea\desktop\openglprojects\lumina\lumina\x64\debug\lumina_01.tlog\cl.read.1.tlog
c:\users\elinflowersea\desktop\openglprojects\lumina\lumina\x64\debug\lumina_01.tlog\cl.write.1.tlog
c:\users\elinflowersea\desktop\openglprojects\lumina\lumina\x64\debug\lumina_01.tlog\link.command.1.tlog
c:\users\elinflowersea\desktop\openglprojects\lumina\lumina\x64\debug\lumina_01.tlog\link.read.1.tlog
c:\users\elinflowersea\desktop\openglprojects\lumina\lumina\x64\debug\lumina_01.tlog\link.write.1.tlog
c:\users\elinflowersea\desktop\openglprojects\lumina\lumina\x64\debug\lumina_01.tlog\rc.command.1.tlog
c:\users\elinflowersea\desktop\openglprojects\lumina\lumina\x64\debug\lumina_01.tlog\rc.read.1.tlog
c:\users\elinflowersea\desktop\openglprojects\lumina\lumina\x64\debug\lumina_01.tlog\rc.write.1.tlog
